{"C:\\Users\\Admin\\Desktop\\ne\\inital\\functions.js": {"path":"C:\\Users\\Admin\\Desktop\\ne\\inital\\functions.js","statementMap":{"0":{"start":{"line":2,"column":4},"end":{"line":10,"column":5}},"1":{"start":{"line":3,"column":6},"end":{"line":3,"column":27}},"2":{"start":{"line":4,"column":11},"end":{"line":10,"column":5}},"3":{"start":{"line":5,"column":6},"end":{"line":5,"column":29}},"4":{"start":{"line":6,"column":11},"end":{"line":10,"column":5}},"5":{"start":{"line":7,"column":6},"end":{"line":7,"column":26}},"6":{"start":{"line":9,"column":6},"end":{"line":9,"column":21}},"7":{"start":{"line":13,"column":27},"end":{"line":13,"column":39}},"8":{"start":{"line":14,"column":4},"end":{"line":14,"column":67}},"9":{"start":{"line":17,"column":4},"end":{"line":19,"column":5}},"10":{"start":{"line":18,"column":6},"end":{"line":18,"column":18}},"11":{"start":{"line":20,"column":16},"end":{"line":20,"column":91}},"12":{"start":{"line":20,"column":64},"end":{"line":20,"column":90}},"13":{"start":{"line":21,"column":4},"end":{"line":21,"column":47}},"14":{"start":{"line":24,"column":0},"end":{"line":24,"column":66}}},"fnMap":{"0":{"name":"getBMIStatus","decl":{"start":{"line":1,"column":9},"end":{"line":1,"column":21}},"loc":{"start":{"line":1,"column":27},"end":{"line":11,"column":1}},"line":1},"1":{"name":"calculateBMI","decl":{"start":{"line":12,"column":9},"end":{"line":12,"column":21}},"loc":{"start":{"line":12,"column":38},"end":{"line":15,"column":1}},"line":12},"2":{"name":"calculateAverageBMI","decl":{"start":{"line":16,"column":9},"end":{"line":16,"column":28}},"loc":{"start":{"line":16,"column":40},"end":{"line":22,"column":1}},"line":16},"3":{"name":"(anonymous_3)","decl":{"start":{"line":20,"column":33},"end":{"line":20,"column":34}},"loc":{"start":{"line":20,"column":64},"end":{"line":20,"column":90}},"line":20}},"branchMap":{"0":{"loc":{"start":{"line":2,"column":4},"end":{"line":10,"column":5}},"type":"if","locations":[{"start":{"line":2,"column":4},"end":{"line":10,"column":5}},{"start":{"line":4,"column":11},"end":{"line":10,"column":5}}],"line":2},"1":{"loc":{"start":{"line":4,"column":11},"end":{"line":10,"column":5}},"type":"if","locations":[{"start":{"line":4,"column":11},"end":{"line":10,"column":5}},{"start":{"line":6,"column":11},"end":{"line":10,"column":5}}],"line":4},"2":{"loc":{"start":{"line":4,"column":15},"end":{"line":4,"column":38}},"type":"binary-expr","locations":[{"start":{"line":4,"column":15},"end":{"line":4,"column":26}},{"start":{"line":4,"column":30},"end":{"line":4,"column":38}}],"line":4},"3":{"loc":{"start":{"line":6,"column":11},"end":{"line":10,"column":5}},"type":"if","locations":[{"start":{"line":6,"column":11},"end":{"line":10,"column":5}},{"start":{"line":8,"column":11},"end":{"line":10,"column":5}}],"line":6},"4":{"loc":{"start":{"line":6,"column":15},"end":{"line":6,"column":36}},"type":"binary-expr","locations":[{"start":{"line":6,"column":15},"end":{"line":6,"column":24}},{"start":{"line":6,"column":28},"end":{"line":6,"column":36}}],"line":6},"5":{"loc":{"start":{"line":17,"column":4},"end":{"line":19,"column":5}},"type":"if","locations":[{"start":{"line":17,"column":4},"end":{"line":19,"column":5}},{"start":{},"end":{}}],"line":17}},"s":{"0":4,"1":1,"2":3,"3":1,"4":2,"5":1,"6":1,"7":1,"8":1,"9":2,"10":1,"11":1,"12":3,"13":1,"14":1},"f":{"0":4,"1":1,"2":2,"3":3},"b":{"0":[1,3],"1":[1,2],"2":[3,3],"3":[1,1],"4":[2,2],"5":[1,1]},"_coverageSchema":"1a1c01bbd47fc00a2c39e90264f33305004495a9","hash":"618ee1dcf67a54287eb37578a5def0c4b8c5540d"}
}
