TN:
SF:functions.js
FN:1,getBMIStatus
FN:12,calculateBMI
FN:16,calculateAverageBMI
FN:20,(anonymous_3)
FNF:4
FNH:4
FNDA:4,getBMIStatus
FNDA:1,calculateBMI
FNDA:2,calculateAverageBMI
FNDA:3,(anonymous_3)
DA:2,4
DA:3,1
DA:4,3
DA:5,1
DA:6,2
DA:7,1
DA:9,1
DA:13,1
DA:14,1
DA:17,2
DA:18,1
DA:20,3
DA:21,1
DA:24,1
LF:14
LH:14
BRDA:2,0,0,1
BRDA:2,0,1,3
BRDA:4,1,0,1
BRDA:4,1,1,2
BRDA:4,2,0,3
BRDA:4,2,1,3
BRDA:6,3,0,1
BRDA:6,3,1,1
BRDA:6,4,0,2
BRDA:6,4,1,2
BRDA:17,5,0,1
BRDA:17,5,1,1
BRF:12
BRH:12
end_of_record
